[2018-11-18 04:55:50] Error text: no page found | File: /Users/sbratche/camagru/vendor/core/Router.php | Line: 70
==================
[2018-11-18 04:55:51] Error text: no page found | File: /Users/sbratche/camagru/vendor/core/Router.php | Line: 70
==================
[2018-11-18 04:55:52] Error text: no page found | File: /Users/sbratche/camagru/vendor/core/Router.php | Line: 70
==================
[2018-11-18 04:56:22] Error text: no page found | File: /Users/sbratche/camagru/vendor/core/Router.php | Line: 70
==================
[2018-11-18 04:56:22] Error text: no page found | File: /Users/sbratche/camagru/vendor/core/Router.php | Line: 70
==================
[2018-11-18 04:56:23] Error text: no page found | File: /Users/sbratche/camagru/vendor/core/Router.php | Line: 70
==================
[2018-11-18 04:56:24] Error text: no page found | File: /Users/sbratche/camagru/vendor/core/Router.php | Line: 70
==================
[2018-11-18 04:56:25] Error text: no page found | File: /Users/sbratche/camagru/vendor/core/Router.php | Line: 70
==================
[2018-11-18 04:56:26] Error text: no page found | File: /Users/sbratche/camagru/vendor/core/Router.php | Line: 70
==================
[2018-11-18 04:56:35] Error text: no page found | File: /Users/sbratche/camagru/vendor/core/Router.php | Line: 70
==================
[2018-11-18 04:56:44] Error text: no page found | File: /Users/sbratche/camagru/vendor/core/Router.php | Line: 70
==================
[2018-11-18 04:56:56] Error text: no page found | File: /Users/sbratche/camagru/vendor/core/Router.php | Line: 70
==================
[2018-11-18 04:56:57] Error text: no page found | File: /Users/sbratche/camagru/vendor/core/Router.php | Line: 70
==================
[2018-11-18 04:57:32] Error text: no page found | File: /Users/sbratche/camagru/vendor/core/Router.php | Line: 70
==================
[2018-11-18 04:57:49] Error text: no page found | File: /Users/sbratche/camagru/vendor/core/Router.php | Line: 70
==================
[2018-11-18 04:58:00] Error text: no page found | File: /Users/sbratche/camagru/vendor/core/Router.php | Line: 70
==================
[2018-11-18 04:58:11] Error text: no page found | File: /Users/sbratche/camagru/vendor/core/Router.php | Line: 70
==================
[2018-11-18 04:58:56] Error text: no page found | File: /Users/sbratche/camagru/vendor/core/Router.php | Line: 70
==================
[2018-11-18 04:59:02] Error text: no page found | File: /Users/sbratche/camagru/vendor/core/Router.php | Line: 70
==================
[2018-11-18 04:59:02] Error text: no page found | File: /Users/sbratche/camagru/vendor/core/Router.php | Line: 70
==================
[2018-11-18 04:59:04] Error text: no page found | File: /Users/sbratche/camagru/vendor/core/Router.php | Line: 70
==================
[2018-11-18 04:59:04] Error text: no page found | File: /Users/sbratche/camagru/vendor/core/Router.php | Line: 70
==================
[2018-11-18 04:59:08] Error text: no page found | File: /Users/sbratche/camagru/vendor/core/Router.php | Line: 70
==================
[2018-11-18 04:59:22] Error text: no page found | File: /Users/sbratche/camagru/vendor/core/Router.php | Line: 70
==================
[2018-11-18 04:59:47] Error text: no page found | File: /Users/sbratche/camagru/vendor/core/Router.php | Line: 70
==================
[2018-11-18 04:59:48] Error text: SQLSTATE[HY000] [1049] Unknown database 'camagru' | File: /Users/sbratche/camagru/vendor/core/Db.php | Line: 18
==================
[2018-11-18 04:59:48] Error text: require(/Users/sbratche/camagru/public/errors/prod.php): failed to open stream: No such file or directory | File: /Users/sbratche/camagru/vendor/core/ErrorHandler.php | Line: 64
==================
[2018-11-18 04:59:48] Error text: require(): Failed opening required '/Users/sbratche/camagru/public/errors/prod.php' (include_path='.:/Volumes/Storage/cache/sbratche/Library/Containers/MAMP/php/lib/php:/Volumes/Storage/cache/sbratche/Library/Containers/MAMP/frameworks/smarty/libs') | File: /Users/sbratche/camagru/vendor/core/ErrorHandler.php | Line: 64
==================
[2018-11-18 04:59:48] Error text: no page found | File: /Users/sbratche/camagru/vendor/core/Router.php | Line: 70
==================
[2018-11-18 04:59:49] Error text: Undefined variable: twSwpythZUnQ | File: /Users/sbratche/camagru/config/setup.php | Line: 53
==================
[2018-11-18 04:59:50] Error text: no page found | File: /Users/sbratche/camagru/vendor/core/Router.php | Line: 70
==================
[2018-11-18 05:00:23] Error text: no page found | File: /Users/sbratche/camagru/vendor/core/Router.php | Line: 70
==================
[2018-11-18 05:00:24] Error text: no page found | File: /Users/sbratche/camagru/vendor/core/Router.php | Line: 70
==================
[2018-11-18 05:00:36] Error text: no page found | File: /Users/sbratche/camagru/vendor/core/Router.php | Line: 70
==================
[2018-11-18 05:00:52] Error text: no page found | File: /Users/sbratche/camagru/vendor/core/Router.php | Line: 70
==================
[2018-11-18 05:00:54] Error text: no page found | File: /Users/sbratche/camagru/vendor/core/Router.php | Line: 70
==================
[2018-11-18 05:00:59] Error text: no page found | File: /Users/sbratche/camagru/vendor/core/Router.php | Line: 70
==================
[2018-11-18 05:01:09] Error text: no page found | File: /Users/sbratche/camagru/vendor/core/Router.php | Line: 70
==================
[2018-11-18 05:01:13] Error text: Undefined index: user | File: /Users/sbratche/camagru/app/controllers/UserController.php | Line: 148
==================
[2018-11-18 05:01:13] Error text: no page found | File: /Users/sbratche/camagru/vendor/core/Router.php | Line: 70
==================
[2018-11-18 05:01:18] Error text: no page found | File: /Users/sbratche/camagru/vendor/core/Router.php | Line: 70
==================
[2018-11-18 05:01:26] Error text: no page found | File: /Users/sbratche/camagru/vendor/core/Router.php | Line: 70
==================
[2018-11-18 05:01:32] Error text: no page found | File: /Users/sbratche/camagru/vendor/core/Router.php | Line: 70
==================
[2018-11-18 05:01:56] Error text: no page found | File: /Users/sbratche/camagru/vendor/core/Router.php | Line: 70
==================
[2018-11-18 05:01:57] Error text: no page found | File: /Users/sbratche/camagru/vendor/core/Router.php | Line: 70
==================
[2018-11-18 05:01:58] Error text: no page found | File: /Users/sbratche/camagru/vendor/core/Router.php | Line: 70
==================
[2018-11-18 05:02:03] Error text: no page found | File: /Users/sbratche/camagru/vendor/core/Router.php | Line: 70
==================
[2018-11-18 05:02:09] Error text: no page found | File: /Users/sbratche/camagru/vendor/core/Router.php | Line: 70
==================
[2018-11-18 05:02:15] Error text: no page found | File: /Users/sbratche/camagru/vendor/core/Router.php | Line: 70
==================
[2018-11-18 05:02:23] Error text: no page found | File: /Users/sbratche/camagru/vendor/core/Router.php | Line: 70
==================
[2018-11-18 05:02:25] Error text: no page found | File: /Users/sbratche/camagru/vendor/core/Router.php | Line: 70
==================
[2018-11-18 05:02:26] Error text: no page found | File: /Users/sbratche/camagru/vendor/core/Router.php | Line: 70
==================
[2018-11-18 05:02:27] Error text: no page found | File: /Users/sbratche/camagru/vendor/core/Router.php | Line: 70
==================
[2018-11-18 05:02:31] Error text: no page found | File: /Users/sbratche/camagru/vendor/core/Router.php | Line: 70
==================
[2018-11-18 05:02:39] Error text: no page found | File: /Users/sbratche/camagru/vendor/core/Router.php | Line: 70
==================
[2018-11-18 05:02:51] Error text: no page found | File: /Users/sbratche/camagru/vendor/core/Router.php | Line: 70
==================
[2018-11-18 05:02:58] Error text: no page found | File: /Users/sbratche/camagru/vendor/core/Router.php | Line: 70
==================
[2018-11-18 05:02:59] Error text: no page found | File: /Users/sbratche/camagru/vendor/core/Router.php | Line: 70
==================
[2018-11-18 05:03:00] Error text: no page found | File: /Users/sbratche/camagru/vendor/core/Router.php | Line: 70
==================
[2018-11-18 05:03:02] Error text: no page found | File: /Users/sbratche/camagru/vendor/core/Router.php | Line: 70
==================
[2018-11-18 05:03:05] Error text: no page found | File: /Users/sbratche/camagru/vendor/core/Router.php | Line: 70
==================
[2018-11-18 05:03:12] Error text: Undefined offset: 0 | File: /Users/sbratche/camagru/app/models/User.php | Line: 144
==================
[2018-11-18 05:03:12] Error text: no page found | File: /Users/sbratche/camagru/vendor/core/Router.php | Line: 70
==================
[2018-11-18 05:04:07] Error text: no page found | File: /Users/sbratche/camagru/vendor/core/Router.php | Line: 70
==================
[2018-11-18 05:04:08] Error text: no page found | File: /Users/sbratche/camagru/vendor/core/Router.php | Line: 70
==================
[2018-11-18 05:04:09] Error text: no page found | File: /Users/sbratche/camagru/vendor/core/Router.php | Line: 70
==================
[2018-11-18 05:04:10] Error text: no page found | File: /Users/sbratche/camagru/vendor/core/Router.php | Line: 70
==================
[2018-11-18 05:04:15] Error text: no page found | File: /Users/sbratche/camagru/vendor/core/Router.php | Line: 70
==================
[2018-11-18 05:04:26] Error text: Undefined offset: 0 | File: /Users/sbratche/camagru/app/models/User.php | Line: 144
==================
[2018-11-18 05:04:26] Error text: no page found | File: /Users/sbratche/camagru/vendor/core/Router.php | Line: 70
==================
[2018-11-18 05:04:29] Error text: no page found | File: /Users/sbratche/camagru/vendor/core/Router.php | Line: 70
==================
[2018-11-18 05:04:32] Error text: no page found | File: /Users/sbratche/camagru/vendor/core/Router.php | Line: 70
==================
[2018-11-18 05:04:49] Error text: no page found | File: /Users/sbratche/camagru/vendor/core/Router.php | Line: 70
==================
[2018-11-18 05:05:01] Error text: no page found | File: /Users/sbratche/camagru/vendor/core/Router.php | Line: 70
==================
[2018-11-18 05:05:08] Error text: no page found | File: /Users/sbratche/camagru/vendor/core/Router.php | Line: 70
==================
[2018-11-18 05:05:18] Error text: no page found | File: /Users/sbratche/camagru/vendor/core/Router.php | Line: 70
==================
[2018-11-18 05:05:25] Error text: no page found | File: /Users/sbratche/camagru/vendor/core/Router.php | Line: 70
==================
[2018-11-18 05:05:30] Error text: no page found | File: /Users/sbratche/camagru/vendor/core/Router.php | Line: 70
==================
[2018-11-18 05:05:35] Error text: no page found | File: /Users/sbratche/camagru/vendor/core/Router.php | Line: 70
==================
[2018-11-18 05:05:36] Error text: no page found | File: /Users/sbratche/camagru/vendor/core/Router.php | Line: 70
==================
[2018-11-18 05:05:37] Error text: no page found | File: /Users/sbratche/camagru/vendor/core/Router.php | Line: 70
==================
[2018-11-18 05:05:41] Error text: no page found | File: /Users/sbratche/camagru/vendor/core/Router.php | Line: 70
==================
[2018-11-18 05:05:47] Error text: Undefined offset: 0 | File: /Users/sbratche/camagru/app/models/User.php | Line: 144
==================
[2018-11-18 05:05:47] Error text: no page found | File: /Users/sbratche/camagru/vendor/core/Router.php | Line: 70
==================
[2018-11-18 05:06:02] Error text: no page found | File: /Users/sbratche/camagru/vendor/core/Router.php | Line: 70
==================
[2018-11-18 05:06:06] Error text: no page found | File: /Users/sbratche/camagru/vendor/core/Router.php | Line: 70
==================
[2018-11-18 05:06:11] Error text: no page found | File: /Users/sbratche/camagru/vendor/core/Router.php | Line: 70
==================
[2018-11-18 05:06:12] Error text: no page found | File: /Users/sbratche/camagru/vendor/core/Router.php | Line: 70
==================
[2018-11-18 05:06:19] Error text: no page found | File: /Users/sbratche/camagru/vendor/core/Router.php | Line: 70
==================
[2018-11-18 05:07:46] Error text: no page found | File: /Users/sbratche/camagru/vendor/core/Router.php | Line: 70
==================
[2018-11-18 05:07:48] Error text: no page found | File: /Users/sbratche/camagru/vendor/core/Router.php | Line: 70
==================
[2018-11-18 05:07:54] Error text: no page found | File: /Users/sbratche/camagru/vendor/core/Router.php | Line: 70
==================
[2018-11-18 05:07:55] Error text: no page found | File: /Users/sbratche/camagru/vendor/core/Router.php | Line: 70
==================
[2018-11-18 05:07:56] Error text: no page found | File: /Users/sbratche/camagru/vendor/core/Router.php | Line: 70
==================
[2018-11-18 05:07:57] Error text: no page found | File: /Users/sbratche/camagru/vendor/core/Router.php | Line: 70
==================
[2018-11-18 05:08:01] Error text: no page found | File: /Users/sbratche/camagru/vendor/core/Router.php | Line: 70
==================
[2018-11-18 05:08:02] Error text: no page found | File: /Users/sbratche/camagru/vendor/core/Router.php | Line: 70
==================
[2018-11-18 05:08:04] Error text: no page found | File: /Users/sbratche/camagru/vendor/core/Router.php | Line: 70
==================
[2018-11-18 05:08:05] Error text: no page found | File: /Users/sbratche/camagru/vendor/core/Router.php | Line: 70
==================
[2018-11-18 05:08:06] Error text: no page found | File: /Users/sbratche/camagru/vendor/core/Router.php | Line: 70
==================
[2018-11-18 05:08:08] Error text: no page found | File: /Users/sbratche/camagru/vendor/core/Router.php | Line: 70
==================
[2018-11-18 05:08:09] Error text: no page found | File: /Users/sbratche/camagru/vendor/core/Router.php | Line: 70
==================
[2018-11-18 05:08:19] Error text: no page found | File: /Users/sbratche/camagru/vendor/core/Router.php | Line: 70
==================
[2018-11-18 05:08:19] Error text: no page found | File: /Users/sbratche/camagru/vendor/core/Router.php | Line: 70
==================
[2018-11-18 05:08:37] Error text: no page found | File: /Users/sbratche/camagru/vendor/core/Router.php | Line: 70
==================
[2018-11-18 05:09:34] Error text: no page found | File: /Users/sbratche/camagru/vendor/core/Router.php | Line: 70
==================
[2018-11-18 05:11:49] Error text: no page found | File: /Users/sbratche/camagru/vendor/core/Router.php | Line: 70
==================
[2018-11-18 05:12:18] Error text: no page found | File: /Users/sbratche/camagru/vendor/core/Router.php | Line: 70
==================
[2018-11-18 05:12:53] Error text: no page found | File: /Users/sbratche/camagru/vendor/core/Router.php | Line: 70
==================
[2018-11-18 05:13:30] Error text: no page found | File: /Users/sbratche/camagru/vendor/core/Router.php | Line: 70
==================
[2018-11-18 05:19:25] Error text: no page found | File: /Users/sbratche/camagru/vendor/core/Router.php | Line: 70
==================
[2018-11-18 05:25:19] Error text: no page found | File: /Users/sbratche/camagru/vendor/core/Router.php | Line: 70
==================
[2018-11-18 05:25:19] Error text: no page found | File: /Users/sbratche/camagru/vendor/core/Router.php | Line: 70
==================
[2018-11-18 05:25:19] Error text: no page found | File: /Users/sbratche/camagru/vendor/core/Router.php | Line: 70
==================
[2018-11-18 05:25:19] Error text: no page found | File: /Users/sbratche/camagru/vendor/core/Router.php | Line: 70
==================
[2018-11-18 05:25:48] Error text: no page found | File: /Users/sbratche/camagru/vendor/core/Router.php | Line: 70
==================
[2018-11-18 05:25:48] Error text: no page found | File: /Users/sbratche/camagru/vendor/core/Router.php | Line: 70
==================
[2018-11-18 05:25:48] Error text: no page found | File: /Users/sbratche/camagru/vendor/core/Router.php | Line: 70
==================
[2018-11-18 05:25:48] Error text: no page found | File: /Users/sbratche/camagru/vendor/core/Router.php | Line: 70
==================
[2018-11-18 05:25:55] Error text: no page found | File: /Users/sbratche/camagru/vendor/core/Router.php | Line: 70
==================
[2018-11-18 05:25:55] Error text: no page found | File: /Users/sbratche/camagru/vendor/core/Router.php | Line: 70
==================
[2018-11-18 05:25:55] Error text: no page found | File: /Users/sbratche/camagru/vendor/core/Router.php | Line: 70
==================
[2018-11-18 05:25:55] Error text: no page found | File: /Users/sbratche/camagru/vendor/core/Router.php | Line: 70
==================
[2018-11-18 05:27:08] Error text: no page found | File: /Users/sbratche/camagru/vendor/core/Router.php | Line: 70
==================
[2018-11-18 05:27:08] Error text: no page found | File: /Users/sbratche/camagru/vendor/core/Router.php | Line: 70
==================
[2018-11-18 05:27:08] Error text: no page found | File: /Users/sbratche/camagru/vendor/core/Router.php | Line: 70
==================
[2018-11-18 05:27:08] Error text: no page found | File: /Users/sbratche/camagru/vendor/core/Router.php | Line: 70
==================
[2018-11-18 05:28:35] Error text: no page found | File: /Users/sbratche/camagru/vendor/core/Router.php | Line: 70
==================
[2018-11-18 05:28:35] Error text: no page found | File: /Users/sbratche/camagru/vendor/core/Router.php | Line: 70
==================
[2018-11-18 05:28:35] Error text: no page found | File: /Users/sbratche/camagru/vendor/core/Router.php | Line: 70
==================
[2018-11-18 05:28:35] Error text: no page found | File: /Users/sbratche/camagru/vendor/core/Router.php | Line: 70
==================
[2018-11-18 05:30:10] Error text: no page found | File: /Users/sbratche/camagru/vendor/core/Router.php | Line: 70
==================
[2018-11-18 05:30:10] Error text: no page found | File: /Users/sbratche/camagru/vendor/core/Router.php | Line: 70
==================
[2018-11-18 05:30:10] Error text: no page found | File: /Users/sbratche/camagru/vendor/core/Router.php | Line: 70
==================
[2018-11-18 05:30:10] Error text: no page found | File: /Users/sbratche/camagru/vendor/core/Router.php | Line: 70
==================
[2018-11-18 05:30:11] Error text: no page found | File: /Users/sbratche/camagru/vendor/core/Router.php | Line: 70
==================
[2018-11-18 05:30:15] Error text: no page found | File: /Users/sbratche/camagru/vendor/core/Router.php | Line: 70
==================
[2018-11-18 05:30:23] Error text: no page found | File: /Users/sbratche/camagru/vendor/core/Router.php | Line: 70
==================
[2018-11-18 05:30:29] Error text: no page found | File: /Users/sbratche/camagru/vendor/core/Router.php | Line: 70
==================
[2018-11-18 05:30:38] Error text: no page found | File: /Users/sbratche/camagru/vendor/core/Router.php | Line: 70
==================
[2018-11-18 05:30:42] Error text: no page found | File: /Users/sbratche/camagru/vendor/core/Router.php | Line: 70
==================
[2018-11-18 05:30:46] Error text: no page found | File: /Users/sbratche/camagru/vendor/core/Router.php | Line: 70
==================
[2018-11-18 05:30:50] Error text: no page found | File: /Users/sbratche/camagru/vendor/core/Router.php | Line: 70
==================
[2018-11-18 05:30:54] Error text: no page found | File: /Users/sbratche/camagru/vendor/core/Router.php | Line: 70
==================
[2018-11-18 05:31:24] Error text: no page found | File: /Users/sbratche/camagru/vendor/core/Router.php | Line: 70
==================
[2018-11-18 05:31:48] Error text: no page found | File: /Users/sbratche/camagru/vendor/core/Router.php | Line: 70
==================
[2018-11-18 05:32:15] Error text: no page found | File: /Users/sbratche/camagru/vendor/core/Router.php | Line: 70
==================
[2018-11-18 05:32:17] Error text: no page found | File: /Users/sbratche/camagru/vendor/core/Router.php | Line: 70
==================
[2018-11-18 05:33:52] Error text: no page found | File: /Users/sbratche/camagru/vendor/core/Router.php | Line: 70
==================
[2018-11-18 05:33:54] Error text: no page found | File: /Users/sbratche/camagru/vendor/core/Router.php | Line: 70
==================
[2018-11-18 05:33:57] Error text: no page found | File: /Users/sbratche/camagru/vendor/core/Router.php | Line: 70
==================
[2018-11-18 05:33:57] Error text: no page found | File: /Users/sbratche/camagru/vendor/core/Router.php | Line: 70
==================
[2018-11-18 05:33:57] Error text: no page found | File: /Users/sbratche/camagru/vendor/core/Router.php | Line: 70
==================
[2018-11-18 05:33:57] Error text: no page found | File: /Users/sbratche/camagru/vendor/core/Router.php | Line: 70
==================
[2018-11-18 05:49:28] Error text: no page found | File: /Users/sbratche/camagru/vendor/core/Router.php | Line: 70
==================
[2018-11-18 05:49:28] Error text: no page found | File: /Users/sbratche/camagru/vendor/core/Router.php | Line: 70
==================
[2018-11-18 05:49:28] Error text: no page found | File: /Users/sbratche/camagru/vendor/core/Router.php | Line: 70
==================
[2018-11-18 05:50:03] Error text: no page found | File: /Users/sbratche/camagru/vendor/core/Router.php | Line: 70
==================
[2018-11-18 05:50:03] Error text: no page found | File: /Users/sbratche/camagru/vendor/core/Router.php | Line: 70
==================
[2018-11-18 05:50:04] Error text: no page found | File: /Users/sbratche/camagru/vendor/core/Router.php | Line: 70
==================
[2018-11-18 05:50:19] Error text: no page found | File: /Users/sbratche/camagru/vendor/core/Router.php | Line: 70
==================
[2018-11-18 05:50:19] Error text: no page found | File: /Users/sbratche/camagru/vendor/core/Router.php | Line: 70
==================
[2018-11-18 05:50:19] Error text: no page found | File: /Users/sbratche/camagru/vendor/core/Router.php | Line: 70
==================
[2018-11-18 05:57:17] Error text: no page found | File: /Users/sbratche/camagru/vendor/core/Router.php | Line: 70
==================
[2018-11-18 05:57:17] Error text: no page found | File: /Users/sbratche/camagru/vendor/core/Router.php | Line: 70
==================
[2018-11-18 05:57:18] Error text: no page found | File: /Users/sbratche/camagru/vendor/core/Router.php | Line: 70
==================
[2018-11-18 05:57:31] Error text: no page found | File: /Users/sbratche/camagru/vendor/core/Router.php | Line: 70
==================
[2018-11-18 05:57:31] Error text: no page found | File: /Users/sbratche/camagru/vendor/core/Router.php | Line: 70
==================
[2018-11-18 05:57:31] Error text: no page found | File: /Users/sbratche/camagru/vendor/core/Router.php | Line: 70
==================
[2018-11-18 05:58:11] Error text: no page found | File: /Users/sbratche/camagru/vendor/core/Router.php | Line: 70
==================
[2018-11-18 06:00:42] Error text: no page found | File: /Users/sbratche/camagru/vendor/core/Router.php | Line: 70
==================
[2018-11-18 06:01:04] Error text: no page found | File: /Users/sbratche/camagru/vendor/core/Router.php | Line: 70
==================
[2018-11-18 06:16:12] Error text: no page found | File: /Users/sbratche/camagru/vendor/core/Router.php | Line: 70
==================
[2018-11-18 06:16:18] Error text: no page found | File: /Users/sbratche/camagru/vendor/core/Router.php | Line: 70
==================
[2018-11-18 06:21:01] Error text: no page found | File: /Users/sbratche/camagru/vendor/core/Router.php | Line: 70
==================
[2018-11-18 06:21:49] Error text: no page found | File: /Users/sbratche/camagru/vendor/core/Router.php | Line: 70
==================
[2018-11-18 06:22:11] Error text: no page found | File: /Users/sbratche/camagru/vendor/core/Router.php | Line: 70
==================
[2018-11-18 06:22:33] Error text: no page found | File: /Users/sbratche/camagru/vendor/core/Router.php | Line: 70
==================
[2018-11-18 06:22:44] Error text: no page found | File: /Users/sbratche/camagru/vendor/core/Router.php | Line: 70
==================
[2018-11-18 06:23:01] Error text: no page found | File: /Users/sbratche/camagru/vendor/core/Router.php | Line: 70
==================
[2018-11-18 06:29:43] Error text: no page found | File: /Users/sbratche/camagru/vendor/core/Router.php | Line: 70
==================
[2018-11-18 06:29:43] Error text: no page found | File: /Users/sbratche/camagru/vendor/core/Router.php | Line: 70
==================
[2018-11-18 06:31:16] Error text: no page found | File: /Users/sbratche/camagru/vendor/core/Router.php | Line: 70
==================
[2018-11-18 06:35:02] Error text: no page found | File: /Users/sbratche/camagru/vendor/core/Router.php | Line: 70
==================
[2018-11-18 06:35:23] Error text: no page found | File: /Users/sbratche/camagru/vendor/core/Router.php | Line: 70
==================
[2018-11-18 06:46:35] Error text: no page found | File: /Users/sbratche/camagru/vendor/core/Router.php | Line: 70
==================
[2018-11-18 06:55:19] Error text: no page found | File: /Users/sbratche/camagru/vendor/core/Router.php | Line: 70
==================
[2018-11-18 06:56:36] Error text: no page found | File: /Users/sbratche/camagru/vendor/core/Router.php | Line: 70
==================
[2018-11-18 07:02:09] Error text: no page found | File: /Users/sbratche/camagru/vendor/core/Router.php | Line: 70
==================
[2018-11-18 07:02:31] Error text: no page found | File: /Users/sbratche/camagru/vendor/core/Router.php | Line: 70
==================
[2018-11-18 07:02:33] Error text: no page found | File: /Users/sbratche/camagru/vendor/core/Router.php | Line: 70
==================
[2018-11-18 07:02:36] Error text: no page found | File: /Users/sbratche/camagru/vendor/core/Router.php | Line: 70
==================
[2018-11-18 07:02:38] Error text: no page found | File: /Users/sbratche/camagru/vendor/core/Router.php | Line: 70
==================
[2018-11-18 07:02:39] Error text: no page found | File: /Users/sbratche/camagru/vendor/core/Router.php | Line: 70
==================
[2018-11-18 07:02:51] Error text: no page found | File: /Users/sbratche/camagru/vendor/core/Router.php | Line: 70
==================
[2018-11-18 07:11:50] Error text: no page found | File: /Users/sbratche/camagru/vendor/core/Router.php | Line: 70
==================
[2018-11-18 07:18:05] Error text: no page found | File: /Users/sbratche/camagru/vendor/core/Router.php | Line: 70
==================
[2018-11-18 07:37:52] Error text: no page found | File: /Users/sbratche/camagru/vendor/core/Router.php | Line: 70
==================
[2018-11-18 07:38:31] Error text: no page found | File: /Users/sbratche/camagru/vendor/core/Router.php | Line: 70
==================
[2018-11-18 07:38:32] Error text: no page found | File: /Users/sbratche/camagru/vendor/core/Router.php | Line: 70
==================
[2018-11-18 07:38:33] Error text: no page found | File: /Users/sbratche/camagru/vendor/core/Router.php | Line: 70
==================
[2018-11-18 07:38:34] Error text: no page found | File: /Users/sbratche/camagru/vendor/core/Router.php | Line: 70
==================
[2018-11-18 07:40:26] Error text: no page found | File: /Users/sbratche/camagru/vendor/core/Router.php | Line: 70
==================
[2018-11-18 07:41:09] Error text: no page found | File: /Users/sbratche/camagru/vendor/core/Router.php | Line: 70
==================
[2018-11-18 07:41:57] Error text: no page found | File: /Users/sbratche/camagru/vendor/core/Router.php | Line: 70
==================
[2018-11-18 07:42:37] Error text: no page found | File: /Users/sbratche/camagru/vendor/core/Router.php | Line: 70
==================
[2018-11-18 07:42:48] Error text: no page found | File: /Users/sbratche/camagru/vendor/core/Router.php | Line: 70
==================
[2018-11-18 07:42:49] Error text: no page found | File: /Users/sbratche/camagru/vendor/core/Router.php | Line: 70
==================
[2018-11-18 07:42:51] Error text: no page found | File: /Users/sbratche/camagru/vendor/core/Router.php | Line: 70
==================
[2018-11-18 07:42:51] Error text: no page found | File: /Users/sbratche/camagru/vendor/core/Router.php | Line: 70
==================
[2018-11-18 07:43:26] Error text: no page found | File: /Users/sbratche/camagru/vendor/core/Router.php | Line: 70
==================
[2018-11-18 07:43:35] Error text: no page found | File: /Users/sbratche/camagru/vendor/core/Router.php | Line: 70
==================
[2018-11-18 07:44:08] Error text: no page found | File: /Users/sbratche/camagru/vendor/core/Router.php | Line: 70
==================
[2018-11-18 07:44:15] Error text: no page found | File: /Users/sbratche/camagru/vendor/core/Router.php | Line: 70
==================
[2018-11-18 07:49:52] Error text: no page found | File: /Users/sbratche/camagru/vendor/core/Router.php | Line: 70
==================
[2018-11-18 07:55:53] Error text: SQLSTATE[HY000] [1049] Unknown database 'camagru' | File: /Users/sbratche/camagru/vendor/core/Db.php | Line: 18
==================
[2018-11-18 07:55:53] Error text: require(/Users/sbratche/camagru/public/errors/prod.php): failed to open stream: No such file or directory | File: /Users/sbratche/camagru/vendor/core/ErrorHandler.php | Line: 64
==================
[2018-11-18 07:55:53] Error text: require(): Failed opening required '/Users/sbratche/camagru/public/errors/prod.php' (include_path='.:/Volumes/Storage/cache/sbratche/Library/Containers/MAMP/php/lib/php:/Volumes/Storage/cache/sbratche/Library/Containers/MAMP/frameworks/smarty/libs') | File: /Users/sbratche/camagru/vendor/core/ErrorHandler.php | Line: 64
==================
[2018-11-18 07:55:53] Error text: no page found | File: /Users/sbratche/camagru/vendor/core/Router.php | Line: 70
==================
[2018-11-18 07:55:54] Error text: Undefined variable: twSwpythZUnQ | File: /Users/sbratche/camagru/config/setup.php | Line: 53
==================
[2018-11-18 07:55:55] Error text: no page found | File: /Users/sbratche/camagru/vendor/core/Router.php | Line: 70
==================
[2018-11-18 07:56:04] Error text: no page found | File: /Users/sbratche/camagru/vendor/core/Router.php | Line: 70
==================
[2018-11-18 07:56:07] Error text: no page found | File: /Users/sbratche/camagru/vendor/core/Router.php | Line: 70
==================
[2018-11-18 07:56:34] Error text: no page found | File: /Users/sbratche/camagru/vendor/core/Router.php | Line: 70
==================
[2018-11-18 07:56:43] Error text: no page found | File: /Users/sbratche/camagru/vendor/core/Router.php | Line: 70
==================
[2018-11-18 07:56:51] Error text: no page found | File: /Users/sbratche/camagru/vendor/core/Router.php | Line: 70
==================
[2018-11-18 07:58:14] Error text: no page found | File: /Users/sbratche/camagru/vendor/core/Router.php | Line: 70
==================
[2018-11-18 07:58:18] Error text: no page found | File: /Users/sbratche/camagru/vendor/core/Router.php | Line: 70
==================
[2018-11-18 07:58:30] Error text: no page found | File: /Users/sbratche/camagru/vendor/core/Router.php | Line: 70
==================
[2018-11-18 07:59:59] Error text: no page found | File: /Users/sbratche/camagru/vendor/core/Router.php | Line: 70
==================
[2018-11-18 08:00:07] Error text: no page found | File: /Users/sbratche/camagru/vendor/core/Router.php | Line: 70
==================
[2018-11-18 08:00:10] Error text: no page found | File: /Users/sbratche/camagru/vendor/core/Router.php | Line: 70
==================
[2018-11-18 08:00:13] Error text: no page found | File: /Users/sbratche/camagru/vendor/core/Router.php | Line: 70
==================
[2018-11-18 08:00:23] Error text: no page found | File: /Users/sbratche/camagru/vendor/core/Router.php | Line: 70
==================
[2018-11-18 08:00:25] Error text: no page found | File: /Users/sbratche/camagru/vendor/core/Router.php | Line: 70
==================
[2018-11-18 08:00:34] Error text: no page found | File: /Users/sbratche/camagru/vendor/core/Router.php | Line: 70
==================
[2018-11-18 08:00:37] Error text: no page found | File: /Users/sbratche/camagru/vendor/core/Router.php | Line: 70
==================
[2018-11-18 08:00:44] Error text: no page found | File: /Users/sbratche/camagru/vendor/core/Router.php | Line: 70
==================
[2018-11-18 08:00:50] Error text: no page found | File: /Users/sbratche/camagru/vendor/core/Router.php | Line: 70
==================
[2018-11-18 08:00:53] Error text: no page found | File: /Users/sbratche/camagru/vendor/core/Router.php | Line: 70
==================
[2018-11-18 08:01:09] Error text: no page found | File: /Users/sbratche/camagru/vendor/core/Router.php | Line: 70
==================
[2018-11-18 08:01:14] Error text: no page found | File: /Users/sbratche/camagru/vendor/core/Router.php | Line: 70
==================
[2018-11-18 08:01:23] Error text: no page found | File: /Users/sbratche/camagru/vendor/core/Router.php | Line: 70
==================
[2018-11-18 08:01:30] Error text: no page found | File: /Users/sbratche/camagru/vendor/core/Router.php | Line: 70
==================
[2018-11-18 08:01:54] Error text: no page found | File: /Users/sbratche/camagru/vendor/core/Router.php | Line: 70
==================
[2018-11-18 08:02:03] Error text: no page found | File: /Users/sbratche/camagru/vendor/core/Router.php | Line: 70
==================
[2018-11-18 08:02:06] Error text: no page found | File: /Users/sbratche/camagru/vendor/core/Router.php | Line: 70
==================
[2018-11-18 08:03:27] Error text: no page found | File: /Users/sbratche/camagru/vendor/core/Router.php | Line: 70
==================
[2018-11-18 08:03:28] Error text: no page found | File: /Users/sbratche/camagru/vendor/core/Router.php | Line: 70
==================
[2018-11-18 08:03:33] Error text: no page found | File: /Users/sbratche/camagru/vendor/core/Router.php | Line: 70
==================
[2018-11-18 08:03:38] Error text: no page found | File: /Users/sbratche/camagru/vendor/core/Router.php | Line: 70
==================
[2018-11-18 08:03:39] Error text: no page found | File: /Users/sbratche/camagru/vendor/core/Router.php | Line: 70
==================
[2018-11-18 08:04:19] Error text: no page found | File: /Users/sbratche/camagru/vendor/core/Router.php | Line: 70
==================
[2018-11-18 08:04:24] Error text: no page found | File: /Users/sbratche/camagru/vendor/core/Router.php | Line: 70
==================
[2018-11-18 08:04:26] Error text: no page found | File: /Users/sbratche/camagru/vendor/core/Router.php | Line: 70
==================
[2018-11-18 08:04:28] Error text: no page found | File: /Users/sbratche/camagru/vendor/core/Router.php | Line: 70
==================
[2018-11-18 08:04:37] Error text: no page found | File: /Users/sbratche/camagru/vendor/core/Router.php | Line: 70
==================
[2018-11-18 08:05:30] Error text: no page found | File: /Users/sbratche/camagru/vendor/core/Router.php | Line: 70
==================
[2018-11-18 08:05:36] Error text: no page found | File: /Users/sbratche/camagru/vendor/core/Router.php | Line: 70
==================
[2018-11-18 08:05:41] Error text: no page found | File: /Users/sbratche/camagru/vendor/core/Router.php | Line: 70
==================
[2018-11-18 08:05:46] Error text: no page found | File: /Users/sbratche/camagru/vendor/core/Router.php | Line: 70
==================
[2018-11-18 08:05:50] Error text: no page found | File: /Users/sbratche/camagru/vendor/core/Router.php | Line: 70
==================
[2018-11-18 08:05:58] Error text: no page found | File: /Users/sbratche/camagru/vendor/core/Router.php | Line: 70
==================
[2018-11-18 08:06:04] Error text: no page found | File: /Users/sbratche/camagru/vendor/core/Router.php | Line: 70
==================
[2018-11-18 08:06:18] Error text: no page found | File: /Users/sbratche/camagru/vendor/core/Router.php | Line: 70
==================
[2018-11-18 08:06:19] Error text: no page found | File: /Users/sbratche/camagru/vendor/core/Router.php | Line: 70
==================
[2018-11-18 08:06:42] Error text: no page found | File: /Users/sbratche/camagru/vendor/core/Router.php | Line: 70
==================
[2018-11-18 08:06:47] Error text: no page found | File: /Users/sbratche/camagru/vendor/core/Router.php | Line: 70
==================
[2018-11-18 08:06:52] Error text: no page found | File: /Users/sbratche/camagru/vendor/core/Router.php | Line: 70
==================
[2018-11-18 08:06:56] Error text: no page found | File: /Users/sbratche/camagru/vendor/core/Router.php | Line: 70
==================
[2018-11-18 08:07:05] Error text: no page found | File: /Users/sbratche/camagru/vendor/core/Router.php | Line: 70
==================
[2018-11-18 08:07:06] Error text: no page found | File: /Users/sbratche/camagru/vendor/core/Router.php | Line: 70
==================
[2018-11-18 08:07:13] Error text: no page found | File: /Users/sbratche/camagru/vendor/core/Router.php | Line: 70
==================
[2018-11-18 08:07:15] Error text: no page found | File: /Users/sbratche/camagru/vendor/core/Router.php | Line: 70
==================
[2018-11-18 08:07:20] Error text: no page found | File: /Users/sbratche/camagru/vendor/core/Router.php | Line: 70
==================
[2018-11-18 08:07:23] Error text: no page found | File: /Users/sbratche/camagru/vendor/core/Router.php | Line: 70
==================
[2018-11-18 08:07:25] Error text: no page found | File: /Users/sbratche/camagru/vendor/core/Router.php | Line: 70
==================
[2018-11-18 08:07:26] Error text: no page found | File: /Users/sbratche/camagru/vendor/core/Router.php | Line: 70
==================
[2018-11-18 08:07:31] Error text: no page found | File: /Users/sbratche/camagru/vendor/core/Router.php | Line: 70
==================
[2018-11-18 08:07:44] Error text: Undefined offset: 0 | File: /Users/sbratche/camagru/app/models/User.php | Line: 144
==================
[2018-11-18 08:07:44] Error text: no page found | File: /Users/sbratche/camagru/vendor/core/Router.php | Line: 70
==================
[2018-11-18 08:07:47] Error text: no page found | File: /Users/sbratche/camagru/vendor/core/Router.php | Line: 70
==================
[2018-11-18 08:07:51] Error text: no page found | File: /Users/sbratche/camagru/vendor/core/Router.php | Line: 70
==================
[2018-11-18 08:07:56] Error text: no page found | File: /Users/sbratche/camagru/vendor/core/Router.php | Line: 70
==================
[2018-11-18 08:08:07] Error text: no page found | File: /Users/sbratche/camagru/vendor/core/Router.php | Line: 70
==================
[2018-11-18 08:08:08] Error text: no page found | File: /Users/sbratche/camagru/vendor/core/Router.php | Line: 70
==================
[2018-11-18 08:08:16] Error text: no page found | File: /Users/sbratche/camagru/vendor/core/Router.php | Line: 70
==================
[2018-11-18 08:08:24] Error text: no page found | File: /Users/sbratche/camagru/vendor/core/Router.php | Line: 70
==================
[2018-11-18 08:08:37] Error text: no page found | File: /Users/sbratche/camagru/vendor/core/Router.php | Line: 70
==================
[2018-11-18 08:08:49] Error text: no page found | File: /Users/sbratche/camagru/vendor/core/Router.php | Line: 70
==================
[2018-11-18 08:08:53] Error text: no page found | File: /Users/sbratche/camagru/vendor/core/Router.php | Line: 70
==================
[2018-11-18 08:08:56] Error text: no page found | File: /Users/sbratche/camagru/vendor/core/Router.php | Line: 70
==================
[2018-11-18 08:09:01] Error text: no page found | File: /Users/sbratche/camagru/vendor/core/Router.php | Line: 70
==================
[2018-11-18 08:09:34] Error text: no page found | File: /Users/sbratche/camagru/vendor/core/Router.php | Line: 70
==================
[2018-11-18 08:09:35] Error text: no page found | File: /Users/sbratche/camagru/vendor/core/Router.php | Line: 70
==================
[2018-11-18 08:09:39] Error text: no page found | File: /Users/sbratche/camagru/vendor/core/Router.php | Line: 70
==================
[2018-11-18 08:11:01] Error text: no page found | File: /Users/sbratche/camagru/vendor/core/Router.php | Line: 70
==================
[2018-11-18 08:13:49] Error text: no page found | File: /Users/sbratche/camagru/vendor/core/Router.php | Line: 70
==================
[2018-11-18 08:15:00] Error text: no page found | File: /Users/sbratche/camagru/vendor/core/Router.php | Line: 70
==================
[2018-11-18 08:15:26] Error text: no page found | File: /Users/sbratche/camagru/vendor/core/Router.php | Line: 70
==================
[2018-11-18 08:16:30] Error text: no page found | File: /Users/sbratche/camagru/vendor/core/Router.php | Line: 70
==================
[2018-11-18 08:17:40] Error text: no page found | File: /Users/sbratche/camagru/vendor/core/Router.php | Line: 70
==================
[2018-11-18 08:17:42] Error text: no page found | File: /Users/sbratche/camagru/vendor/core/Router.php | Line: 70
==================
[2018-11-18 08:18:33] Error text: no page found | File: /Users/sbratche/camagru/vendor/core/Router.php | Line: 70
==================
[2018-11-18 08:18:42] Error text: SQLSTATE[HY000] [1049] Unknown database 'camagru' | File: /Users/sbratche/camagru/vendor/core/Db.php | Line: 18
==================
[2018-11-18 08:18:42] Error text: require(/Users/sbratche/camagru/public/errors/prod.php): failed to open stream: No such file or directory | File: /Users/sbratche/camagru/vendor/core/ErrorHandler.php | Line: 64
==================
[2018-11-18 08:18:42] Error text: require(): Failed opening required '/Users/sbratche/camagru/public/errors/prod.php' (include_path='.:/Volumes/Storage/cache/sbratche/Library/Containers/MAMP/php/lib/php:/Volumes/Storage/cache/sbratche/Library/Containers/MAMP/frameworks/smarty/libs') | File: /Users/sbratche/camagru/vendor/core/ErrorHandler.php | Line: 64
==================
[2018-11-18 08:18:42] Error text: no page found | File: /Users/sbratche/camagru/vendor/core/Router.php | Line: 70
==================
[2018-11-18 08:18:44] Error text: Undefined variable: twSwpythZUnQ | File: /Users/sbratche/camagru/config/setup.php | Line: 53
==================
[2018-11-18 08:18:45] Error text: no page found | File: /Users/sbratche/camagru/vendor/core/Router.php | Line: 70
==================
[2018-11-18 08:18:48] Error text: no page found | File: /Users/sbratche/camagru/vendor/core/Router.php | Line: 70
==================
[2018-11-18 08:18:53] Error text: no page found | File: /Users/sbratche/camagru/vendor/core/Router.php | Line: 70
==================
[2018-11-18 08:19:03] Error text: no page found | File: /Users/sbratche/camagru/vendor/core/Router.php | Line: 70
==================
[2018-11-18 08:19:08] Error text: no page found | File: /Users/sbratche/camagru/vendor/core/Router.php | Line: 70
==================
[2018-11-18 08:20:20] Error text: no page found | File: /Users/sbratche/camagru/vendor/core/Router.php | Line: 70
==================
[2018-11-18 08:20:22] Error text: no page found | File: /Users/sbratche/camagru/vendor/core/Router.php | Line: 70
==================
[2018-11-18 08:21:14] Error text: no page found | File: /Users/sbratche/camagru/vendor/core/Router.php | Line: 70
==================
[2018-11-18 08:21:16] Error text: SQLSTATE[HY000] [1049] Unknown database 'camagru' | File: /Users/sbratche/camagru/vendor/core/Db.php | Line: 18
==================
[2018-11-18 08:21:16] Error text: require(/Users/sbratche/camagru/public/errors/prod.php): failed to open stream: No such file or directory | File: /Users/sbratche/camagru/vendor/core/ErrorHandler.php | Line: 64
==================
[2018-11-18 08:21:16] Error text: require(): Failed opening required '/Users/sbratche/camagru/public/errors/prod.php' (include_path='.:/Volumes/Storage/cache/sbratche/Library/Containers/MAMP/php/lib/php:/Volumes/Storage/cache/sbratche/Library/Containers/MAMP/frameworks/smarty/libs') | File: /Users/sbratche/camagru/vendor/core/ErrorHandler.php | Line: 64
==================
[2018-11-18 08:21:16] Error text: no page found | File: /Users/sbratche/camagru/vendor/core/Router.php | Line: 70
==================
[2018-11-18 08:21:18] Error text: Undefined variable: twSwpythZUnQ | File: /Users/sbratche/camagru/config/setup.php | Line: 53
==================
[2018-11-18 08:21:19] Error text: no page found | File: /Users/sbratche/camagru/vendor/core/Router.php | Line: 70
==================
[2018-11-18 08:22:03] Error text: no page found | File: /Users/sbratche/camagru/vendor/core/Router.php | Line: 70
==================
[2018-11-18 08:22:52] Error text: no page found | File: /Users/sbratche/camagru/vendor/core/Router.php | Line: 70
==================
[2018-11-18 08:22:56] Error text: no page found | File: /Users/sbratche/camagru/vendor/core/Router.php | Line: 70
==================
[2018-11-18 08:23:08] Error text: no page found | File: /Users/sbratche/camagru/vendor/core/Router.php | Line: 70
==================
[2018-11-18 08:23:14] Error text: no page found | File: /Users/sbratche/camagru/vendor/core/Router.php | Line: 70
==================
[2018-11-18 08:23:22] Error text: no page found | File: /Users/sbratche/camagru/vendor/core/Router.php | Line: 70
==================
[2018-11-18 08:23:23] Error text: no page found | File: /Users/sbratche/camagru/vendor/core/Router.php | Line: 70
==================
[2018-11-18 08:23:27] Error text: no page found | File: /Users/sbratche/camagru/vendor/core/Router.php | Line: 70
==================
[2018-11-18 08:24:32] Error text: no page found | File: /Users/sbratche/camagru/vendor/core/Router.php | Line: 70
==================
[2018-11-18 08:24:33] Error text: no page found | File: /Users/sbratche/camagru/vendor/core/Router.php | Line: 70
==================
[2018-11-19 05:08:21] Error text: SQLSTATE[HY000] [1049] Unknown database 'camagru' | File: /Users/sbratche/camagru/vendor/core/Db.php | Line: 18
==================
[2018-11-19 05:08:21] Error text: require(/Users/sbratche/camagru/public/errors/prod.php): failed to open stream: No such file or directory | File: /Users/sbratche/camagru/vendor/core/ErrorHandler.php | Line: 64
==================
[2018-11-19 05:08:21] Error text: require(): Failed opening required '/Users/sbratche/camagru/public/errors/prod.php' (include_path='.:/Volumes/Storage/cache/sbratche/Library/Containers/MAMP/php/lib/php:/Volumes/Storage/cache/sbratche/Library/Containers/MAMP/frameworks/smarty/libs') | File: /Users/sbratche/camagru/vendor/core/ErrorHandler.php | Line: 64
==================
[2018-11-19 05:08:21] Error text: no page found | File: /Users/sbratche/camagru/vendor/core/Router.php | Line: 70
==================
[2018-11-19 05:08:29] Error text: Undefined variable: twSwpythZUnQ | File: /Users/sbratche/camagru/config/setup.php | Line: 53
==================
[2018-11-19 05:08:30] Error text: no page found | File: /Users/sbratche/camagru/vendor/core/Router.php | Line: 70
==================
[2018-11-19 05:09:24] Error text: no page found | File: /Users/sbratche/camagru/vendor/core/Router.php | Line: 70
==================
[2018-11-19 05:09:29] Error text: no page found | File: /Users/sbratche/camagru/vendor/core/Router.php | Line: 70
==================
[2018-11-19 05:10:01] Error text: no page found | File: /Users/sbratche/camagru/vendor/core/Router.php | Line: 70
==================
[2018-11-19 05:10:12] Error text: no page found | File: /Users/sbratche/camagru/vendor/core/Router.php | Line: 70
==================
[2018-11-19 05:10:59] Error text: no page found | File: /Users/sbratche/camagru/vendor/core/Router.php | Line: 70
==================
[2018-11-19 05:11:04] Error text: no page found | File: /Users/sbratche/camagru/vendor/core/Router.php | Line: 70
==================
[2018-11-19 05:11:11] Error text: no page found | File: /Users/sbratche/camagru/vendor/core/Router.php | Line: 70
==================
[2018-11-19 05:15:19] Error text: no page found | File: /Users/sbratche/camagru/vendor/core/Router.php | Line: 70
==================
[2018-11-19 05:15:20] Error text: no page found | File: /Users/sbratche/camagru/vendor/core/Router.php | Line: 70
==================
[2018-11-19 05:15:56] Error text: no page found | File: /Users/sbratche/camagru/vendor/core/Router.php | Line: 70
==================
[2018-11-19 05:16:08] Error text: no page found | File: /Users/sbratche/camagru/vendor/core/Router.php | Line: 70
==================
[2018-11-19 05:16:31] Error text: no page found | File: /Users/sbratche/camagru/vendor/core/Router.php | Line: 70
==================
[2018-11-19 05:16:42] Error text: no page found | File: /Users/sbratche/camagru/vendor/core/Router.php | Line: 70
==================
[2018-11-19 05:18:14] Error text: no page found | File: /Users/sbratche/camagru/vendor/core/Router.php | Line: 70
==================
[2018-11-19 05:18:19] Error text: no page found | File: /Users/sbratche/camagru/vendor/core/Router.php | Line: 70
==================
[2018-11-19 05:18:20] Error text: no page found | File: /Users/sbratche/camagru/vendor/core/Router.php | Line: 70
==================
[2018-11-19 05:18:31] Error text: no page found | File: /Users/sbratche/camagru/vendor/core/Router.php | Line: 70
==================
[2018-11-19 05:23:11] Error text: no page found | File: /Users/sbratche/camagru/vendor/core/Router.php | Line: 70
==================
[2018-11-19 05:29:36] Error text: no page found | File: /Users/sbratche/camagru/vendor/core/Router.php | Line: 70
==================
[2018-11-19 05:30:03] Error text: no page found | File: /Users/sbratche/camagru/vendor/core/Router.php | Line: 70
==================
[2018-11-19 05:30:12] Error text: no page found | File: /Users/sbratche/camagru/vendor/core/Router.php | Line: 70
==================
[2018-11-19 05:30:16] Error text: no page found | File: /Users/sbratche/camagru/vendor/core/Router.php | Line: 70
==================
[2018-11-19 05:30:38] Error text: no controller found <b>app\controllers\FfdController</b> | File: /Users/sbratche/camagru/vendor/core/Router.php | Line: 66
==================
[2018-11-19 05:30:38] Error text: no page found | File: /Users/sbratche/camagru/vendor/core/Router.php | Line: 70
==================
[2018-11-19 05:30:48] Error text: no page found | File: /Users/sbratche/camagru/vendor/core/Router.php | Line: 70
==================
[2018-11-19 05:30:54] Error text: no page found | File: /Users/sbratche/camagru/vendor/core/Router.php | Line: 70
==================
[2018-11-19 05:31:27] Error text: no page found | File: /Users/sbratche/camagru/vendor/core/Router.php | Line: 70
==================
[2018-11-19 05:31:33] Error text: no page found | File: /Users/sbratche/camagru/vendor/core/Router.php | Line: 70
==================
[2018-11-19 05:32:14] Error text: no page found | File: /Users/sbratche/camagru/vendor/core/Router.php | Line: 70
==================
[2018-11-19 05:32:19] Error text: no page found | File: /Users/sbratche/camagru/vendor/core/Router.php | Line: 70
==================
[2018-11-19 05:35:15] Error text: no page found | File: /Users/sbratche/camagru/vendor/core/Router.php | Line: 70
==================
[2018-11-19 05:35:53] Error text: no page found | File: /Users/sbratche/camagru/vendor/core/Router.php | Line: 70
==================
[2018-11-19 05:37:09] Error text: no page found | File: /Users/sbratche/camagru/vendor/core/Router.php | Line: 70
==================
[2018-11-19 05:37:12] Error text: no page found | File: /Users/sbratche/camagru/vendor/core/Router.php | Line: 70
==================
[2018-11-19 05:40:05] Error text: no page found | File: /Users/sbratche/camagru/vendor/core/Router.php | Line: 70
==================
[2018-11-19 05:43:20] Error text: no page found | File: /Users/sbratche/camagru/vendor/core/Router.php | Line: 70
==================
[2018-11-19 05:43:24] Error text: no page found | File: /Users/sbratche/camagru/vendor/core/Router.php | Line: 70
==================
[2018-11-19 05:46:33] Error text: no page found | File: /Users/sbratche/camagru/vendor/core/Router.php | Line: 70
==================
[2018-11-19 05:47:29] Error text: no page found | File: /Users/sbratche/camagru/vendor/core/Router.php | Line: 70
==================
[2018-11-19 05:47:54] Error text: no page found | File: /Users/sbratche/camagru/vendor/core/Router.php | Line: 70
==================
[2018-11-19 05:48:15] Error text: no page found | File: /Users/sbratche/camagru/vendor/core/Router.php | Line: 70
==================
[2018-11-19 05:51:44] Error text: no page found | File: /Users/sbratche/camagru/vendor/core/Router.php | Line: 70
==================
[2018-11-19 05:51:58] Error text: no page found | File: /Users/sbratche/camagru/vendor/core/Router.php | Line: 70
==================
[2018-11-19 05:52:26] Error text: no page found | File: /Users/sbratche/camagru/vendor/core/Router.php | Line: 70
==================
[2018-11-19 05:53:21] Error text: no page found | File: /Users/sbratche/camagru/vendor/core/Router.php | Line: 70
==================
[2018-11-19 05:54:43] Error text: no page found | File: /Users/sbratche/camagru/vendor/core/Router.php | Line: 70
==================
[2018-11-19 05:55:06] Error text: no page found | File: /Users/sbratche/camagru/vendor/core/Router.php | Line: 70
==================
[2018-11-19 05:55:56] Error text: no page found | File: /Users/sbratche/camagru/vendor/core/Router.php | Line: 70
==================
[2018-11-19 05:56:16] Error text: no page found | File: /Users/sbratche/camagru/vendor/core/Router.php | Line: 70
==================
[2018-11-19 05:56:39] Error text: no page found | File: /Users/sbratche/camagru/vendor/core/Router.php | Line: 70
==================
[2018-11-19 05:57:23] Error text: no page found | File: /Users/sbratche/camagru/vendor/core/Router.php | Line: 70
==================
[2018-11-19 05:57:38] Error text: no page found | File: /Users/sbratche/camagru/vendor/core/Router.php | Line: 70
==================
[2018-11-19 05:58:04] Error text: no page found | File: /Users/sbratche/camagru/vendor/core/Router.php | Line: 70
==================
[2018-11-19 05:58:49] Error text: no page found | File: /Users/sbratche/camagru/vendor/core/Router.php | Line: 70
==================
[2018-11-19 05:59:47] Error text: no page found | File: /Users/sbratche/camagru/vendor/core/Router.php | Line: 70
==================
[2018-11-19 06:00:34] Error text: no page found | File: /Users/sbratche/camagru/vendor/core/Router.php | Line: 70
==================
[2018-11-19 06:01:03] Error text: no page found | File: /Users/sbratche/camagru/vendor/core/Router.php | Line: 70
==================
[2018-11-19 06:01:30] Error text: no page found | File: /Users/sbratche/camagru/vendor/core/Router.php | Line: 70
==================
[2018-11-19 06:14:34] Error text: no page found | File: /Users/sbratche/camagru/vendor/core/Router.php | Line: 70
==================
[2018-11-19 06:15:06] Error text: no page found | File: /Users/sbratche/camagru/vendor/core/Router.php | Line: 70
==================
[2018-11-19 06:15:11] Error text: syntax error, unexpected ')' | File: /Users/sbratche/camagru/app/views/Gallery/myphotos.php | Line: 7
==================
[2018-11-19 06:15:11] Error text: require(/Users/sbratche/camagru/public/errors/prod.php): failed to open stream: No such file or directory | File: /Users/sbratche/camagru/vendor/core/ErrorHandler.php | Line: 64
==================
[2018-11-19 06:15:11] Error text: require(): Failed opening required '/Users/sbratche/camagru/public/errors/prod.php' (include_path='.:/Volumes/Storage/cache/sbratche/Library/Containers/MAMP/php/lib/php:/Volumes/Storage/cache/sbratche/Library/Containers/MAMP/frameworks/smarty/libs') | File: /Users/sbratche/camagru/vendor/core/ErrorHandler.php | Line: 64
==================
[2018-11-19 06:15:12] Error text: no page found | File: /Users/sbratche/camagru/vendor/core/Router.php | Line: 70
==================
[2018-11-19 06:15:14] Error text: no page found | File: /Users/sbratche/camagru/vendor/core/Router.php | Line: 70
==================
[2018-11-19 06:15:23] Error text: syntax error, unexpected ')' | File: /Users/sbratche/camagru/app/views/Gallery/myphotos.php | Line: 7
==================
[2018-11-19 06:15:23] Error text: require(/Users/sbratche/camagru/public/errors/prod.php): failed to open stream: No such file or directory | File: /Users/sbratche/camagru/vendor/core/ErrorHandler.php | Line: 64
==================
[2018-11-19 06:15:23] Error text: require(): Failed opening required '/Users/sbratche/camagru/public/errors/prod.php' (include_path='.:/Volumes/Storage/cache/sbratche/Library/Containers/MAMP/php/lib/php:/Volumes/Storage/cache/sbratche/Library/Containers/MAMP/frameworks/smarty/libs') | File: /Users/sbratche/camagru/vendor/core/ErrorHandler.php | Line: 64
==================
[2018-11-19 06:15:23] Error text: no page found | File: /Users/sbratche/camagru/vendor/core/Router.php | Line: 70
==================
[2018-11-19 06:15:33] Error text: no page found | File: /Users/sbratche/camagru/vendor/core/Router.php | Line: 70
==================
[2018-11-19 06:15:35] Error text: no page found | File: /Users/sbratche/camagru/vendor/core/Router.php | Line: 70
==================
[2018-11-19 06:16:40] Error text: no page found | File: /Users/sbratche/camagru/vendor/core/Router.php | Line: 70
==================
[2018-11-19 06:16:45] Error text: no page found | File: /Users/sbratche/camagru/vendor/core/Router.php | Line: 70
==================
[2018-11-19 06:16:51] Error text: no page found | File: /Users/sbratche/camagru/vendor/core/Router.php | Line: 70
==================
[2018-11-19 06:17:03] Error text: no page found | File: /Users/sbratche/camagru/vendor/core/Router.php | Line: 70
==================
[2018-11-19 06:18:25] Error text: Undefined variable: pagination | File: /Users/sbratche/camagru/app/views/Gallery/index.php | Line: 125
==================
[2018-11-19 06:18:25] Error text: Trying to get property of non-object | File: /Users/sbratche/camagru/app/views/Gallery/index.php | Line: 125
==================
[2018-11-19 06:18:26] Error text: no page found | File: /Users/sbratche/camagru/vendor/core/Router.php | Line: 70
==================
[2018-11-19 06:18:27] Error text: Undefined variable: pagination | File: /Users/sbratche/camagru/app/views/Gallery/index.php | Line: 125
==================
[2018-11-19 06:18:27] Error text: Trying to get property of non-object | File: /Users/sbratche/camagru/app/views/Gallery/index.php | Line: 125
==================
[2018-11-19 06:18:28] Error text: no page found | File: /Users/sbratche/camagru/vendor/core/Router.php | Line: 70
==================
[2018-11-19 06:21:58] Error text: Undefined variable: pagination | File: /Users/sbratche/camagru/app/views/Gallery/index.php | Line: 125
==================
[2018-11-19 06:21:58] Error text: Trying to get property of non-object | File: /Users/sbratche/camagru/app/views/Gallery/index.php | Line: 125
==================
[2018-11-19 06:21:59] Error text: no page found | File: /Users/sbratche/camagru/vendor/core/Router.php | Line: 70
==================
[2018-11-19 06:22:45] Error text: Undefined variable: pagination | File: /Users/sbratche/camagru/app/views/Gallery/index.php | Line: 125
==================
[2018-11-19 06:22:45] Error text: Trying to get property of non-object | File: /Users/sbratche/camagru/app/views/Gallery/index.php | Line: 125
==================
[2018-11-19 06:22:46] Error text: no page found | File: /Users/sbratche/camagru/vendor/core/Router.php | Line: 70
==================
[2018-11-19 06:23:14] Error text: no page found | File: /Users/sbratche/camagru/vendor/core/Router.php | Line: 70
==================
[2018-11-19 06:23:39] Error text: no page found | File: /Users/sbratche/camagru/vendor/core/Router.php | Line: 70
==================
[2018-11-19 06:24:03] Error text: no page found | File: /Users/sbratche/camagru/vendor/core/Router.php | Line: 70
==================
[2018-11-19 06:24:11] Error text: no page found | File: /Users/sbratche/camagru/vendor/core/Router.php | Line: 70
==================
[2018-11-19 06:24:47] Error text: no page found | File: /Users/sbratche/camagru/vendor/core/Router.php | Line: 70
==================
[2018-11-19 06:24:48] Error text: no page found | File: /Users/sbratche/camagru/vendor/core/Router.php | Line: 70
==================
[2018-11-19 06:24:51] Error text: no page found | File: /Users/sbratche/camagru/vendor/core/Router.php | Line: 70
==================
[2018-11-19 06:25:14] Error text: no page found | File: /Users/sbratche/camagru/vendor/core/Router.php | Line: 70
==================
[2018-11-19 06:25:16] Error text: no page found | File: /Users/sbratche/camagru/vendor/core/Router.php | Line: 70
==================
[2018-11-19 06:26:00] Error text: SQLSTATE[HY000] [1049] Unknown database 'camagru' | File: /Users/sbratche/camagru/vendor/core/Db.php | Line: 18
==================
[2018-11-19 06:26:00] Error text: require(/Users/sbratche/camagru/public/errors/prod.php): failed to open stream: No such file or directory | File: /Users/sbratche/camagru/vendor/core/ErrorHandler.php | Line: 64
==================
[2018-11-19 06:26:00] Error text: require(): Failed opening required '/Users/sbratche/camagru/public/errors/prod.php' (include_path='.:/Volumes/Storage/cache/sbratche/Library/Containers/MAMP/php/lib/php:/Volumes/Storage/cache/sbratche/Library/Containers/MAMP/frameworks/smarty/libs') | File: /Users/sbratche/camagru/vendor/core/ErrorHandler.php | Line: 64
==================
[2018-11-19 06:26:00] Error text: no page found | File: /Users/sbratche/camagru/vendor/core/Router.php | Line: 70
==================
[2018-11-19 06:26:01] Error text: Undefined variable: twSwpythZUnQ | File: /Users/sbratche/camagru/config/setup.php | Line: 53
==================
[2018-11-19 06:26:02] Error text: no page found | File: /Users/sbratche/camagru/vendor/core/Router.php | Line: 70
==================
[2018-11-19 06:26:04] Error text: no page found | File: /Users/sbratche/camagru/vendor/core/Router.php | Line: 70
==================
[2018-11-19 06:26:07] Error text: no page found | File: /Users/sbratche/camagru/vendor/core/Router.php | Line: 70
==================
[2018-11-19 06:26:16] Error text: no page found | File: /Users/sbratche/camagru/vendor/core/Router.php | Line: 70
==================
[2018-11-19 06:26:28] Error text: no page found | File: /Users/sbratche/camagru/vendor/core/Router.php | Line: 70
==================
[2018-11-19 06:26:33] Error text: no page found | File: /Users/sbratche/camagru/vendor/core/Router.php | Line: 70
==================
[2018-11-19 06:27:13] Error text: no page found | File: /Users/sbratche/camagru/vendor/core/Router.php | Line: 70
==================
[2018-11-19 06:27:15] Error text: no page found | File: /Users/sbratche/camagru/vendor/core/Router.php | Line: 70
==================
[2018-11-19 06:27:17] Error text: no page found | File: /Users/sbratche/camagru/vendor/core/Router.php | Line: 70
==================
[2018-11-19 06:27:49] Error text: no page found | File: /Users/sbratche/camagru/vendor/core/Router.php | Line: 70
==================
[2018-11-19 06:27:52] Error text: no page found | File: /Users/sbratche/camagru/vendor/core/Router.php | Line: 70
==================
[2018-11-19 06:27:58] Error text: no page found | File: /Users/sbratche/camagru/vendor/core/Router.php | Line: 70
==================
[2018-11-19 06:28:04] Error text: no page found | File: /Users/sbratche/camagru/vendor/core/Router.php | Line: 70
==================
[2018-11-19 06:28:06] Error text: no page found | File: /Users/sbratche/camagru/vendor/core/Router.php | Line: 70
==================
[2018-11-19 06:28:11] Error text: no page found | File: /Users/sbratche/camagru/vendor/core/Router.php | Line: 70
==================
[2018-11-19 06:28:20] Error text: no page found | File: /Users/sbratche/camagru/vendor/core/Router.php | Line: 70
==================
[2018-11-19 06:28:21] Error text: no page found | File: /Users/sbratche/camagru/vendor/core/Router.php | Line: 70
==================
[2018-11-19 06:28:42] Error text: no page found | File: /Users/sbratche/camagru/vendor/core/Router.php | Line: 70
==================
[2018-11-19 06:28:51] Error text: no page found | File: /Users/sbratche/camagru/vendor/core/Router.php | Line: 70
==================
[2018-11-19 06:28:58] Error text: no page found | File: /Users/sbratche/camagru/vendor/core/Router.php | Line: 70
==================
[2018-11-19 06:29:20] Error text: no page found | File: /Users/sbratche/camagru/vendor/core/Router.php | Line: 70
==================
[2018-11-19 06:29:25] Error text: no page found | File: /Users/sbratche/camagru/vendor/core/Router.php | Line: 70
==================
[2018-11-19 06:29:32] Error text: no page found | File: /Users/sbratche/camagru/vendor/core/Router.php | Line: 70
==================
[2018-11-19 06:29:42] Error text: no page found | File: /Users/sbratche/camagru/vendor/core/Router.php | Line: 70
==================
[2018-11-19 06:29:51] Error text: no page found | File: /Users/sbratche/camagru/vendor/core/Router.php | Line: 70
==================
[2018-11-19 06:29:53] Error text: no page found | File: /Users/sbratche/camagru/vendor/core/Router.php | Line: 70
==================
[2018-11-19 06:29:58] Error text: no page found | File: /Users/sbratche/camagru/vendor/core/Router.php | Line: 70
==================
[2018-11-19 06:30:00] Error text: no page found | File: /Users/sbratche/camagru/vendor/core/Router.php | Line: 70
==================
[2018-11-19 06:30:02] Error text: no page found | File: /Users/sbratche/camagru/vendor/core/Router.php | Line: 70
==================
[2018-11-19 06:30:19] Error text: no page found | File: /Users/sbratche/camagru/vendor/core/Router.php | Line: 70
==================
[2018-11-19 06:30:23] Error text: no page found | File: /Users/sbratche/camagru/vendor/core/Router.php | Line: 70
==================
[2018-11-19 06:30:31] Error text: no page found | File: /Users/sbratche/camagru/vendor/core/Router.php | Line: 70
==================
[2018-11-19 06:30:32] Error text: no page found | File: /Users/sbratche/camagru/vendor/core/Router.php | Line: 70
==================
[2018-11-19 06:30:42] Error text: no page found | File: /Users/sbratche/camagru/vendor/core/Router.php | Line: 70
==================
[2018-11-19 06:30:48] Error text: no page found | File: /Users/sbratche/camagru/vendor/core/Router.php | Line: 70
==================
[2018-11-19 06:30:51] Error text: no page found | File: /Users/sbratche/camagru/vendor/core/Router.php | Line: 70
==================
[2018-11-19 06:31:30] Error text: no page found | File: /Users/sbratche/camagru/vendor/core/Router.php | Line: 70
==================
[2018-11-19 06:31:36] Error text: no page found | File: /Users/sbratche/camagru/vendor/core/Router.php | Line: 70
==================
[2018-11-19 06:31:38] Error text: no page found | File: /Users/sbratche/camagru/vendor/core/Router.php | Line: 70
==================
[2018-11-19 06:31:42] Error text: no page found | File: /Users/sbratche/camagru/vendor/core/Router.php | Line: 70
==================
[2018-11-19 06:31:46] Error text: no page found | File: /Users/sbratche/camagru/vendor/core/Router.php | Line: 70
==================
[2018-11-19 06:31:55] Error text: no page found | File: /Users/sbratche/camagru/vendor/core/Router.php | Line: 70
==================
[2018-11-19 06:31:57] Error text: no page found | File: /Users/sbratche/camagru/vendor/core/Router.php | Line: 70
==================
[2018-11-19 06:32:01] Error text: no page found | File: /Users/sbratche/camagru/vendor/core/Router.php | Line: 70
==================
[2018-11-19 06:32:05] Error text: no page found | File: /Users/sbratche/camagru/vendor/core/Router.php | Line: 70
==================
[2018-11-19 06:32:56] Error text: no page found | File: /Users/sbratche/camagru/vendor/core/Router.php | Line: 70
==================
[2018-11-19 06:33:09] Error text: no page found | File: /Users/sbratche/camagru/vendor/core/Router.php | Line: 70
==================
[2018-11-19 06:33:13] Error text: no page found | File: /Users/sbratche/camagru/vendor/core/Router.php | Line: 70
==================
[2018-11-19 06:35:54] Error text: no page found | File: /Users/sbratche/camagru/vendor/core/Router.php | Line: 70
==================
[2018-11-19 06:36:21] Error text: no page found | File: /Users/sbratche/camagru/vendor/core/Router.php | Line: 70
==================
[2018-11-19 06:37:11] Error text: no page found | File: /Users/sbratche/camagru/vendor/core/Router.php | Line: 70
==================
[2018-11-19 06:37:12] Error text: no page found | File: /Users/sbratche/camagru/vendor/core/Router.php | Line: 70
==================
[2018-11-19 06:37:30] Error text: no page found | File: /Users/sbratche/camagru/vendor/core/Router.php | Line: 70
==================
[2018-11-19 06:37:35] Error text: no page found | File: /Users/sbratche/camagru/vendor/core/Router.php | Line: 70
==================
[2018-11-19 06:37:36] Error text: no page found | File: /Users/sbratche/camagru/vendor/core/Router.php | Line: 70
==================
[2018-11-19 06:37:43] Error text: no page found | File: /Users/sbratche/camagru/vendor/core/Router.php | Line: 70
==================
[2018-11-19 06:37:45] Error text: no page found | File: /Users/sbratche/camagru/vendor/core/Router.php | Line: 70
==================
[2018-11-19 06:37:54] Error text: no page found | File: /Users/sbratche/camagru/vendor/core/Router.php | Line: 70
==================
[2018-11-19 06:37:55] Error text: no page found | File: /Users/sbratche/camagru/vendor/core/Router.php | Line: 70
==================
[2018-11-19 06:38:06] Error text: no page found | File: /Users/sbratche/camagru/vendor/core/Router.php | Line: 70
==================
[2018-11-19 06:38:11] Error text: no page found | File: /Users/sbratche/camagru/vendor/core/Router.php | Line: 70
==================
[2018-11-19 06:38:19] Error text: no page found | File: /Users/sbratche/camagru/vendor/core/Router.php | Line: 70
==================
[2018-11-19 06:38:24] Error text: no page found | File: /Users/sbratche/camagru/vendor/core/Router.php | Line: 70
==================
[2018-11-19 06:38:26] Error text: no page found | File: /Users/sbratche/camagru/vendor/core/Router.php | Line: 70
==================
[2018-11-19 06:38:40] Error text: no page found | File: /Users/sbratche/camagru/vendor/core/Router.php | Line: 70
==================
[2018-11-19 06:38:40] Error text: no page found | File: /Users/sbratche/camagru/vendor/core/Router.php | Line: 70
==================
[2018-11-19 06:38:46] Error text: no page found | File: /Users/sbratche/camagru/vendor/core/Router.php | Line: 70
==================
[2018-11-19 06:38:54] Error text: no page found | File: /Users/sbratche/camagru/vendor/core/Router.php | Line: 70
==================
[2018-11-19 06:38:59] Error text: no page found | File: /Users/sbratche/camagru/vendor/core/Router.php | Line: 70
==================
[2018-11-19 06:39:10] Error text: no page found | File: /Users/sbratche/camagru/vendor/core/Router.php | Line: 70
==================
[2018-11-19 06:39:11] Error text: no page found | File: /Users/sbratche/camagru/vendor/core/Router.php | Line: 70
==================
[2018-11-19 06:39:16] Error text: no page found | File: /Users/sbratche/camagru/vendor/core/Router.php | Line: 70
==================
[2018-11-19 06:39:16] Error text: no page found | File: /Users/sbratche/camagru/vendor/core/Router.php | Line: 70
==================
[2018-11-19 06:39:24] Error text: no page found | File: /Users/sbratche/camagru/vendor/core/Router.php | Line: 70
==================
[2018-11-19 06:39:28] Error text: no page found | File: /Users/sbratche/camagru/vendor/core/Router.php | Line: 70
==================
[2018-11-19 06:39:30] Error text: no page found | File: /Users/sbratche/camagru/vendor/core/Router.php | Line: 70
==================
[2018-11-19 06:39:34] Error text: no page found | File: /Users/sbratche/camagru/vendor/core/Router.php | Line: 70
==================
[2018-11-19 06:39:40] Error text: no page found | File: /Users/sbratche/camagru/vendor/core/Router.php | Line: 70
==================
[2018-11-19 06:40:34] Error text: no page found | File: /Users/sbratche/camagru/vendor/core/Router.php | Line: 70
==================
[2018-11-19 06:43:03] Error text: no page found | File: /Users/sbratche/camagru/vendor/core/Router.php | Line: 70
==================
[2018-11-19 06:43:07] Error text: no page found | File: /Users/sbratche/camagru/vendor/core/Router.php | Line: 70
==================
[2018-11-19 06:44:14] Error text: no page found | File: /Users/sbratche/camagru/vendor/core/Router.php | Line: 70
==================
[2018-11-19 06:44:20] Error text: no page found | File: /Users/sbratche/camagru/vendor/core/Router.php | Line: 70
==================
[2018-11-19 06:45:10] Error text: no page found | File: /Users/sbratche/camagru/vendor/core/Router.php | Line: 70
==================
[2018-11-19 06:48:27] Error text: no page found | File: /Users/sbratche/camagru/vendor/core/Router.php | Line: 70
==================
[2018-11-19 06:49:51] Error text: no page found | File: /Users/sbratche/camagru/vendor/core/Router.php | Line: 70
==================
[2018-11-19 06:49:56] Error text: no page found | File: /Users/sbratche/camagru/vendor/core/Router.php | Line: 70
==================
[2018-11-19 06:53:06] Error text: no page found | File: /Users/sbratche/camagru/vendor/core/Router.php | Line: 70
==================
[2018-11-19 06:53:39] Error text: SQLSTATE[HY000] [1049] Unknown database 'camagru' | File: /Users/sbratche/camagru/vendor/core/Db.php | Line: 18
==================
[2018-11-19 06:53:39] Error text: require(/Users/sbratche/camagru/public/errors/prod.php): failed to open stream: No such file or directory | File: /Users/sbratche/camagru/vendor/core/ErrorHandler.php | Line: 64
==================
[2018-11-19 06:53:39] Error text: require(): Failed opening required '/Users/sbratche/camagru/public/errors/prod.php' (include_path='.:/Volumes/Storage/cache/sbratche/Library/Containers/MAMP/php/lib/php:/Volumes/Storage/cache/sbratche/Library/Containers/MAMP/frameworks/smarty/libs') | File: /Users/sbratche/camagru/vendor/core/ErrorHandler.php | Line: 64
==================
[2018-11-19 06:53:40] Error text: no page found | File: /Users/sbratche/camagru/vendor/core/Router.php | Line: 70
==================
[2018-11-19 06:53:41] Error text: Undefined variable: twSwpythZUnQ | File: /Users/sbratche/camagru/config/setup.php | Line: 53
==================
[2018-11-19 06:53:41] Error text: no page found | File: /Users/sbratche/camagru/vendor/core/Router.php | Line: 70
==================
[2018-11-19 06:55:12] Error text: SQLSTATE[HY000] [1049] Unknown database 'camagru' | File: /Users/sbratche/camagru/vendor/core/Db.php | Line: 18
==================
[2018-11-19 06:55:12] Error text: require(/Users/sbratche/camagru/public/errors/prod.php): failed to open stream: No such file or directory | File: /Users/sbratche/camagru/vendor/core/ErrorHandler.php | Line: 64
==================
[2018-11-19 06:55:12] Error text: require(): Failed opening required '/Users/sbratche/camagru/public/errors/prod.php' (include_path='.:/Volumes/Storage/cache/sbratche/Library/Containers/MAMP/php/lib/php:/Volumes/Storage/cache/sbratche/Library/Containers/MAMP/frameworks/smarty/libs') | File: /Users/sbratche/camagru/vendor/core/ErrorHandler.php | Line: 64
==================
[2018-11-19 06:55:12] Error text: no page found | File: /Users/sbratche/camagru/vendor/core/Router.php | Line: 70
==================
[2018-11-19 06:55:13] Error text: Undefined variable: twSwpythZUnQ | File: /Users/sbratche/camagru/config/setup.php | Line: 53
==================
[2018-11-19 06:55:13] Error text: no page found | File: /Users/sbratche/camagru/vendor/core/Router.php | Line: 70
==================
[2018-11-19 06:55:30] Error text: no page found | File: /Users/sbratche/camagru/vendor/core/Router.php | Line: 70
==================
[2018-11-19 06:55:31] Error text: no page found | File: /Users/sbratche/camagru/vendor/core/Router.php | Line: 70
==================
[2018-11-19 06:55:37] Error text: no page found | File: /Users/sbratche/camagru/vendor/core/Router.php | Line: 70
==================
[2018-11-19 06:55:53] Error text: no page found | File: /Users/sbratche/camagru/vendor/core/Router.php | Line: 70
==================
[2018-11-19 06:55:54] Error text: no page found | File: /Users/sbratche/camagru/vendor/core/Router.php | Line: 70
==================
[2018-11-19 06:56:02] Error text: no page found | File: /Users/sbratche/camagru/vendor/core/Router.php | Line: 70
==================
[2018-11-19 06:56:11] Error text: no page found | File: /Users/sbratche/camagru/vendor/core/Router.php | Line: 70
==================
[2018-11-19 06:56:34] Error text: no page found | File: /Users/sbratche/camagru/vendor/core/Router.php | Line: 70
==================
[2018-11-19 06:57:50] Error text: no page found | File: /Users/sbratche/camagru/vendor/core/Router.php | Line: 70
==================
[2018-11-19 06:57:56] Error text: no page found | File: /Users/sbratche/camagru/vendor/core/Router.php | Line: 70
==================
[2018-11-19 06:59:24] Error text: no page found | File: /Users/sbratche/camagru/vendor/core/Router.php | Line: 70
==================
[2018-11-19 07:01:02] Error text: no page found | File: /Users/sbratche/camagru/vendor/core/Router.php | Line: 70
==================
[2018-11-19 07:01:08] Error text: no page found | File: /Users/sbratche/camagru/vendor/core/Router.php | Line: 70
==================
[2018-11-19 07:01:19] Error text: no page found | File: /Users/sbratche/camagru/vendor/core/Router.php | Line: 70
==================
[2018-11-19 07:02:49] Error text: no page found | File: /Users/sbratche/camagru/vendor/core/Router.php | Line: 70
==================
[2018-11-19 07:03:13] Error text: no page found | File: /Users/sbratche/camagru/vendor/core/Router.php | Line: 70
==================
[2018-11-19 07:05:19] Error text: no page found | File: /Users/sbratche/camagru/vendor/core/Router.php | Line: 70
==================
[2018-11-19 07:05:45] Error text: no page found | File: /Users/sbratche/camagru/vendor/core/Router.php | Line: 70
==================
[2018-11-19 07:05:51] Error text: no page found | File: /Users/sbratche/camagru/vendor/core/Router.php | Line: 70
==================
[2018-11-19 07:06:21] Error text: no page found | File: /Users/sbratche/camagru/vendor/core/Router.php | Line: 70
==================
[2018-11-19 07:06:27] Error text: no page found | File: /Users/sbratche/camagru/vendor/core/Router.php | Line: 70
==================
[2018-11-19 07:07:12] Error text: no page found | File: /Users/sbratche/camagru/vendor/core/Router.php | Line: 70
==================
[2018-11-19 07:07:19] Error text: no page found | File: /Users/sbratche/camagru/vendor/core/Router.php | Line: 70
==================
[2018-11-19 07:07:26] Error text: no page found | File: /Users/sbratche/camagru/vendor/core/Router.php | Line: 70
==================
[2018-11-19 07:07:37] Error text: no page found | File: /Users/sbratche/camagru/vendor/core/Router.php | Line: 70
==================
[2018-11-19 07:07:54] Error text: no page found | File: /Users/sbratche/camagru/vendor/core/Router.php | Line: 70
==================
[2018-11-19 07:09:06] Error text: no page found | File: /Users/sbratche/camagru/vendor/core/Router.php | Line: 70
==================
[2018-11-19 07:09:13] Error text: no page found | File: /Users/sbratche/camagru/vendor/core/Router.php | Line: 70
==================
[2018-11-19 07:09:25] Error text: no page found | File: /Users/sbratche/camagru/vendor/core/Router.php | Line: 70
==================
[2018-11-19 07:10:17] Error text: no page found | File: /Users/sbratche/camagru/vendor/core/Router.php | Line: 70
==================
[2018-11-19 07:10:23] Error text: no page found | File: /Users/sbratche/camagru/vendor/core/Router.php | Line: 70
==================
[2018-11-19 07:11:52] Error text: no page found | File: /Users/sbratche/camagru/vendor/core/Router.php | Line: 70
==================
[2018-11-19 07:12:00] Error text: no page found | File: /Users/sbratche/camagru/vendor/core/Router.php | Line: 70
==================
[2018-11-19 07:12:25] Error text: no page found | File: /Users/sbratche/camagru/vendor/core/Router.php | Line: 70
==================
[2018-11-19 07:12:55] Error text: no page found | File: /Users/sbratche/camagru/vendor/core/Router.php | Line: 70
==================
[2018-11-19 07:14:16] Error text: no page found | File: /Users/sbratche/camagru/vendor/core/Router.php | Line: 70
==================
[2018-11-19 07:14:39] Error text: no page found | File: /Users/sbratche/camagru/vendor/core/Router.php | Line: 70
==================
[2018-11-19 07:14:46] Error text: no page found | File: /Users/sbratche/camagru/vendor/core/Router.php | Line: 70
==================
[2018-11-19 07:15:10] Error text: no page found | File: /Users/sbratche/camagru/vendor/core/Router.php | Line: 70
==================
[2018-11-19 07:16:03] Error text: no page found | File: /Users/sbratche/camagru/vendor/core/Router.php | Line: 70
==================
[2018-11-19 07:16:18] Error text: no page found | File: /Users/sbratche/camagru/vendor/core/Router.php | Line: 70
==================
[2018-11-19 07:16:27] Error text: no page found | File: /Users/sbratche/camagru/vendor/core/Router.php | Line: 70
==================
[2018-11-19 07:16:45] Error text: no page found | File: /Users/sbratche/camagru/vendor/core/Router.php | Line: 70
==================
[2018-11-20 05:51:11] Error text: no page found | File: /Users/sbratche/camagru/vendor/core/Router.php | Line: 70
==================
[2018-11-20 05:51:13] Error text: no page found | File: /Users/sbratche/camagru/vendor/core/Router.php | Line: 70
==================
[2018-11-20 05:51:44] Error text: no page found | File: /Users/sbratche/camagru/vendor/core/Router.php | Line: 70
==================
[2018-11-20 05:52:36] Error text: no page found | File: /Users/sbratche/camagru/vendor/core/Router.php | Line: 70
==================
[2018-11-20 05:52:49] Error text: no page found | File: /Users/sbratche/camagru/vendor/core/Router.php | Line: 70
==================
[2018-11-20 05:52:59] Error text: no page found | File: /Users/sbratche/camagru/vendor/core/Router.php | Line: 70
==================
[2018-11-20 05:54:05] Error text: no page found | File: /Users/sbratche/camagru/vendor/core/Router.php | Line: 70
==================
[2018-11-20 05:54:24] Error text: no page found | File: /Users/sbratche/camagru/vendor/core/Router.php | Line: 70
==================
[2018-11-20 05:54:36] Error text: no page found | File: /Users/sbratche/camagru/vendor/core/Router.php | Line: 70
==================
[2018-11-20 05:56:38] Error text: no page found | File: /Users/sbratche/camagru/vendor/core/Router.php | Line: 70
==================
[2018-11-20 05:57:04] Error text: no page found | File: /Users/sbratche/camagru/vendor/core/Router.php | Line: 70
==================
[2018-11-20 05:57:17] Error text: no page found | File: /Users/sbratche/camagru/vendor/core/Router.php | Line: 70
==================
[2018-11-20 05:57:29] Error text: no page found | File: /Users/sbratche/camagru/vendor/core/Router.php | Line: 70
==================
[2018-11-20 05:57:41] Error text: no page found | File: /Users/sbratche/camagru/vendor/core/Router.php | Line: 70
==================
[2018-11-20 05:59:14] Error text: no page found | File: /Users/sbratche/camagru/vendor/core/Router.php | Line: 70
==================
[2018-11-20 05:59:28] Error text: no page found | File: /Users/sbratche/camagru/vendor/core/Router.php | Line: 70
==================
[2018-11-20 05:59:31] Error text: no page found | File: /Users/sbratche/camagru/vendor/core/Router.php | Line: 70
==================
[2018-11-20 05:59:43] Error text: no page found | File: /Users/sbratche/camagru/vendor/core/Router.php | Line: 70
==================
[2018-11-20 06:00:55] Error text: no page found | File: /Users/sbratche/camagru/vendor/core/Router.php | Line: 70
==================
[2018-11-20 06:00:59] Error text: no page found | File: /Users/sbratche/camagru/vendor/core/Router.php | Line: 70
==================
[2018-11-20 06:01:01] Error text: no page found | File: /Users/sbratche/camagru/vendor/core/Router.php | Line: 70
==================
[2018-11-21 07:03:15] Error text: no page found | File: /Users/sbratche/camagru/vendor/core/Router.php | Line: 70
==================
[2018-11-21 10:30:36] Error text: no page found | File: /Users/sbratche/camagru/vendor/core/Router.php | Line: 70
==================
[2018-11-21 10:30:36] Error text: no page found | File: /Users/sbratche/camagru/vendor/core/Router.php | Line: 70
==================
[2018-11-21 10:30:36] Error text: no page found | File: /Users/sbratche/camagru/vendor/core/Router.php | Line: 70
==================
[2018-11-21 10:30:36] Error text: no page found | File: /Users/sbratche/camagru/vendor/core/Router.php | Line: 70
==================
[2018-11-21 10:30:36] Error text: no page found | File: /Users/sbratche/camagru/vendor/core/Router.php | Line: 70
==================
[2018-11-21 10:30:36] Error text: no page found | File: /Users/sbratche/camagru/vendor/core/Router.php | Line: 70
==================
[2018-11-21 10:30:36] Error text: no page found | File: /Users/sbratche/camagru/vendor/core/Router.php | Line: 70
==================
[2018-11-21 10:30:36] Error text: no page found | File: /Users/sbratche/camagru/vendor/core/Router.php | Line: 70
==================
[2018-11-21 10:30:36] Error text: no page found | File: /Users/sbratche/camagru/vendor/core/Router.php | Line: 70
==================
[2018-11-21 10:30:36] Error text: no page found | File: /Users/sbratche/camagru/vendor/core/Router.php | Line: 70
==================
[2018-11-21 10:30:36] Error text: no page found | File: /Users/sbratche/camagru/vendor/core/Router.php | Line: 70
==================
[2018-11-21 10:30:36] Error text: no page found | File: /Users/sbratche/camagru/vendor/core/Router.php | Line: 70
==================
